<?xml version="1.0" encoding="UTF-8"?><testsuite name="nosetests" tests="1" errors="1" failures="0" skip="0"><testcase classname="&lt;nose.suite" name="ContextSuite context=cing&gt;:setup" time="0"><error type="exceptions.TypeError" message="Attribute setup of &lt;module 'cing' from '/Users/jd/workspace35/cing/python/cing/__init__.pyc'&gt; is not a python function. Only functions or callables may be used as fixtures.&#10;-------------------- &gt;&gt; begin captured stdout &lt;&lt; ---------------------&#10;rpcUrl: https://nmr.cmbi.ru.nl/icing/serv/iCingServlet&#10;hello&#10;&#10;--------------------- &gt;&gt; end captured stdout &lt;&lt; ----------------------"><![CDATA[Traceback (most recent call last):
  File "/opt/local/Library/Frameworks/Python.framework/Versions/2.6/lib/python2.6/site-packages/nose/suite.py", line 208, in run
    self.setUp()
  File "/opt/local/Library/Frameworks/Python.framework/Versions/2.6/lib/python2.6/site-packages/nose/suite.py", line 291, in setUp
    self.setupContext(ancestor)
  File "/opt/local/Library/Frameworks/Python.framework/Versions/2.6/lib/python2.6/site-packages/nose/suite.py", line 314, in setupContext
    try_run(context, names)
  File "/opt/local/Library/Frameworks/Python.framework/Versions/2.6/lib/python2.6/site-packages/nose/util.py", line 473, in try_run
    (name, obj))
TypeError: Attribute setup of <module 'cing' from '/Users/jd/workspace35/cing/python/cing/__init__.pyc'> is not a python function. Only functions or callables may be used as fixtures.
-------------------- >> begin captured stdout << ---------------------
rpcUrl: https://nmr.cmbi.ru.nl/icing/serv/iCingServlet
hello

--------------------- >> end captured stdout << ----------------------
]]></error></testcase></testsuite>